<?xml version="1.0" encoding="UTF-8"?>
<testng-results skipped="0" failed="0" ignored="0" total="1" passed="1">
  <reporter-output>
  </reporter-output>
  <suite name="Default suite" duration-ms="25102" started-at="2019-07-08T21:02:27Z" finished-at="2019-07-08T21:02:52Z">
    <groups>
    </groups>
    <test name="Default test" duration-ms="25102" started-at="2019-07-08T21:02:27Z" finished-at="2019-07-08T21:02:52Z">
      <class name="ScreenShoot.ScreenShoot.ScreenShhotClass">
        <test-method status="PASS" signature="TestJavaS1()[pri:0, instance:ScreenShoot.ScreenShoot.ScreenShhotClass@59fa1d9b]" name="TestJavaS1" duration-ms="24961" started-at="2019-07-08T21:02:27Z" finished-at="2019-07-08T21:02:52Z">
          <reporter-output>
          </reporter-output>
        </test-method> <!-- TestJavaS1 -->
      </class> <!-- ScreenShoot.ScreenShoot.ScreenShhotClass -->
    </test> <!-- Default test -->
  </suite> <!-- Default suite -->
</testng-results>
