<?xml version="1.0" encoding="UTF-8"?>
<!-- Generated by org.testng.reporters.JUnitXMLReporter -->
<testsuite hostname="LHTU05CG7311FV4" ignored="0" name="Default test" tests="7" failures="0" timestamp="07 Nov 2019 19:27:47 GMT" time="8.292" errors="0">
  <testcase name="authentication" time="4.055" classname="apiAutomationTesting.groupOne"/>
  <testcase name="validateUser" time="0.866" classname="apiAutomationTesting.groupOne"/>
  <testcase name="getClientAppointments" time="0.287" classname="apiAutomationTesting.groupOne"/>
  <testcase name="benFinder" time="0.99" classname="apiAutomationTesting.groupOne"/>
  <testcase name="cummunityPartner" time="0.305" classname="apiAutomationTesting.groupOne"/>
  <testcase name="stateCounty" time="0.313" classname="apiAutomationTesting.groupOne"/>
  <testcase name="getIncomeLimits" time="0.338" classname="apiAutomationTesting.groupOne"/>
</testsuite> <!-- Default test -->
