<?xml version="1.0" encoding="UTF-8"?>
<testng-results skipped="0" failed="0" ignored="0" total="7" passed="7">
  <reporter-output>
  </reporter-output>
  <suite name="Default suite" duration-ms="8292" started-at="2019-11-07T19:27:38Z" finished-at="2019-11-07T19:27:47Z">
    <groups>
    </groups>
    <test name="Default test" duration-ms="8292" started-at="2019-11-07T19:27:38Z" finished-at="2019-11-07T19:27:47Z">
      <class name="apiAutomationTesting.groupOne">
        <test-method status="PASS" signature="commonClass()[pri:0, instance:apiAutomationTesting.groupOne@3532ec19]" name="commonClass" is-config="true" duration-ms="1058" started-at="2019-11-07T19:27:38Z" finished-at="2019-11-07T19:27:39Z">
          <reporter-output>
          </reporter-output>
        </test-method> <!-- commonClass -->
        <test-method status="PASS" signature="authentication()[pri:1, instance:apiAutomationTesting.groupOne@3532ec19]" name="authentication" duration-ms="4055" started-at="2019-11-07T19:27:39Z" finished-at="2019-11-07T19:27:43Z">
          <reporter-output>
          </reporter-output>
        </test-method> <!-- authentication -->
        <test-method status="PASS" signature="validateUser()[pri:2, instance:apiAutomationTesting.groupOne@3532ec19]" name="validateUser" duration-ms="866" started-at="2019-11-07T19:27:43Z" finished-at="2019-11-07T19:27:44Z">
          <reporter-output>
          </reporter-output>
        </test-method> <!-- validateUser -->
        <test-method status="PASS" signature="getClientAppointments()[pri:3, instance:apiAutomationTesting.groupOne@3532ec19]" name="getClientAppointments" duration-ms="287" started-at="2019-11-07T19:27:44Z" finished-at="2019-11-07T19:27:45Z">
          <reporter-output>
          </reporter-output>
        </test-method> <!-- getClientAppointments -->
        <test-method status="PASS" signature="benFinder()[pri:4, instance:apiAutomationTesting.groupOne@3532ec19]" name="benFinder" duration-ms="990" started-at="2019-11-07T19:27:45Z" finished-at="2019-11-07T19:27:46Z">
          <reporter-output>
          </reporter-output>
        </test-method> <!-- benFinder -->
        <test-method status="PASS" signature="cummunityPartner()[pri:5, instance:apiAutomationTesting.groupOne@3532ec19]" name="cummunityPartner" duration-ms="305" started-at="2019-11-07T19:27:46Z" finished-at="2019-11-07T19:27:46Z">
          <reporter-output>
          </reporter-output>
        </test-method> <!-- cummunityPartner -->
        <test-method status="PASS" signature="stateCounty()[pri:6, instance:apiAutomationTesting.groupOne@3532ec19]" name="stateCounty" duration-ms="313" started-at="2019-11-07T19:27:46Z" finished-at="2019-11-07T19:27:46Z">
          <reporter-output>
          </reporter-output>
        </test-method> <!-- stateCounty -->
        <test-method status="PASS" signature="getIncomeLimits()[pri:7, instance:apiAutomationTesting.groupOne@3532ec19]" name="getIncomeLimits" duration-ms="338" started-at="2019-11-07T19:27:46Z" finished-at="2019-11-07T19:27:47Z">
          <reporter-output>
          </reporter-output>
        </test-method> <!-- getIncomeLimits -->
      </class> <!-- apiAutomationTesting.groupOne -->
    </test> <!-- Default test -->
  </suite> <!-- Default suite -->
</testng-results>
